

<!DOCTYPE html>
<!--[if IE 8]><html class="no-js lt-ie9" lang="en" > <![endif]-->
<!--[if gt IE 8]><!--> <html class="no-js" lang="en" > <!--<![endif]-->
<head>
  <meta charset="utf-8">
  
  <meta name="viewport" content="width=device-width, initial-scale=1.0">
  
  <title>Tests.Analysis.test_calulate_novelty &mdash; tscfat 0.0.1 documentation</title>
  

  
  
  
  

  
  <script type="text/javascript" src="../../../_static/js/modernizr.min.js"></script>
  
    
      <script type="text/javascript" id="documentation_options" data-url_root="../../../" src="../../../_static/documentation_options.js"></script>
        <script src="../../../_static/jquery.js"></script>
        <script src="../../../_static/underscore.js"></script>
        <script src="../../../_static/doctools.js"></script>
        <script src="../../../_static/language_data.js"></script>
    
    <script type="text/javascript" src="../../../_static/js/theme.js"></script>

    

  
  <link rel="stylesheet" href="../../../_static/css/theme.css" type="text/css" />
  <link rel="stylesheet" href="../../../_static/pygments.css" type="text/css" />
    <link rel="index" title="Index" href="../../../genindex.html" />
    <link rel="search" title="Search" href="../../../search.html" /> 
</head>

<body class="wy-body-for-nav">

   
  <div class="wy-grid-for-nav">
    
    <nav data-toggle="wy-nav-shift" class="wy-nav-side">
      <div class="wy-side-scroll">
        <div class="wy-side-nav-search" >
          

          
            <a href="../../../index.html" class="icon icon-home"> tscfat
          

          
          </a>

          
            
            
          

          
<div role="search">
  <form id="rtd-search-form" class="wy-form" action="../../../search.html" method="get">
    <input type="text" name="q" placeholder="Search docs" />
    <input type="hidden" name="check_keywords" value="yes" />
    <input type="hidden" name="area" value="default" />
  </form>
</div>

          
        </div>

        <div class="wy-menu wy-menu-vertical" data-spy="affix" role="navigation" aria-label="main navigation">
          
            
            
              
            
            
              <!-- Local TOC -->
              <div class="local-toc"></div>
            
          
        </div>
      </div>
    </nav>

    <section data-toggle="wy-nav-shift" class="wy-nav-content-wrap">

      
      <nav class="wy-nav-top" aria-label="top navigation">
        
          <i data-toggle="wy-nav-top" class="fa fa-bars"></i>
          <a href="../../../index.html">tscfat</a>
        
      </nav>


      <div class="wy-nav-content">
        
        <div class="rst-content">
        
          















<div role="navigation" aria-label="breadcrumbs navigation">

  <ul class="wy-breadcrumbs">
    
      <li><a href="../../../index.html">Docs</a> &raquo;</li>
        
          <li><a href="../../index.html">Module code</a> &raquo;</li>
        
      <li>Tests.Analysis.test_calulate_novelty</li>
    
    
      <li class="wy-breadcrumbs-aside">
        
      </li>
    
  </ul>

  
  <hr/>
</div>
          <div role="main" class="document" itemscope="itemscope" itemtype="http://schema.org/Article">
           <div itemprop="articleBody">
            
  <h1>Source code for Tests.Analysis.test_calulate_novelty</h1><div class="highlight"><pre>
<span></span><span class="ch">#!/usr/bin/env python3#</span>
<span class="c1"># -*- coding: utf-8 -*-</span>
<span class="sd">&quot;&quot;&quot;</span>
<span class="sd">Created on Tue Jan 19 12:19:57 2021</span>

<span class="sd">@author: arsii</span>

<span class="sd">Test function for novelty calculation.</span>
<span class="sd">&quot;&quot;&quot;</span>

<span class="kn">import</span> <span class="nn">pytest</span>
<span class="kn">import</span> <span class="nn">numpy</span> <span class="k">as</span> <span class="nn">np</span>

<span class="kn">from</span> <span class="nn">Source.Analysis.calculate_novelty</span> <span class="kn">import</span> <span class="n">compute_novelty</span><span class="p">,</span> <span class="n">_create_kernel</span>

<div class="viewcode-block" id="TestCalculateNovelty"><a class="viewcode-back" href="../../../Tests.Analysis.html#Tests.Analysis.test_calulate_novelty.TestCalculateNovelty">[docs]</a><span class="k">class</span> <span class="nc">TestCalculateNovelty</span><span class="p">(</span><span class="nb">object</span><span class="p">):</span>
    
<div class="viewcode-block" id="TestCalculateNovelty.test_compute_novelty"><a class="viewcode-back" href="../../../Tests.Analysis.html#Tests.Analysis.test_calulate_novelty.TestCalculateNovelty.test_compute_novelty">[docs]</a>    <span class="k">def</span> <span class="nf">test_compute_novelty</span><span class="p">(</span><span class="bp">self</span><span class="p">):</span>
        <span class="sd">&quot;&quot;&quot;</span>
<span class="sd">        Test compute novelty function:</span>
<span class="sd">            - Proper arguments return non-empty novelty score array and kernel.</span>
<span class="sd">            - Self similarity matrix given as array raises an error</span>
<span class="sd">            - 1D self similarity matrix raises an error</span>
<span class="sd">            - Non-square self similarity matrix raises an error</span>
<span class="sd">            - Kernel size larger than the self similarity matrix raises an error</span>
<span class="sd">    </span>
<span class="sd">        Returns</span>
<span class="sd">        -------</span>
<span class="sd">        None.</span>
<span class="sd">    </span>
<span class="sd">        &quot;&quot;&quot;</span>
        
        
        <span class="n">test_argument</span> <span class="o">=</span> <span class="n">np</span><span class="o">.</span><span class="n">random</span><span class="o">.</span><span class="n">rand</span><span class="p">(</span><span class="mi">5</span><span class="p">,</span><span class="mi">5</span><span class="p">)</span>
        <span class="n">np</span><span class="o">.</span><span class="n">fill_diagonal</span><span class="p">(</span><span class="n">test_argument</span><span class="p">,</span><span class="mi">1</span><span class="p">)</span>
        <span class="n">nov</span><span class="p">,</span><span class="n">ker</span> <span class="o">=</span> <span class="n">compute_novelty</span><span class="p">(</span><span class="n">test_argument</span><span class="p">,</span><span class="n">edge</span><span class="o">=</span><span class="mi">1</span><span class="p">)</span>
        <span class="k">assert</span> <span class="n">nov</span> <span class="ow">is</span> <span class="ow">not</span> <span class="kc">None</span>
        <span class="k">assert</span> <span class="n">ker</span> <span class="ow">is</span> <span class="ow">not</span> <span class="kc">None</span>
        
        <span class="c1"># Store information about raised ValueError in exc_info</span>
        <span class="k">with</span> <span class="n">pytest</span><span class="o">.</span><span class="n">raises</span><span class="p">(</span><span class="ne">AssertionError</span><span class="p">)</span> <span class="k">as</span> <span class="n">exc_info</span><span class="p">:</span>
            <span class="n">compute_novelty</span><span class="p">([[</span><span class="mi">1</span><span class="p">,</span><span class="mi">0</span><span class="p">,</span><span class="mi">0</span><span class="p">],[</span><span class="mi">0</span><span class="p">,</span><span class="mi">1</span><span class="p">,</span><span class="mi">0</span><span class="p">],[</span><span class="mi">0</span><span class="p">,</span><span class="mi">0</span><span class="p">,</span><span class="mi">1</span><span class="p">]])</span>
        <span class="n">expected_error_msg</span> <span class="o">=</span> <span class="s2">&quot;Self similarity matrix is not a numpy array.&quot;</span>
        <span class="c1"># Check if the raised ValueError contains the correct message</span>
        <span class="k">assert</span> <span class="n">exc_info</span><span class="o">.</span><span class="n">match</span><span class="p">(</span><span class="n">expected_error_msg</span><span class="p">)</span>
        
        <span class="k">with</span> <span class="n">pytest</span><span class="o">.</span><span class="n">raises</span><span class="p">(</span><span class="ne">AssertionError</span><span class="p">)</span> <span class="k">as</span> <span class="n">exc_info</span><span class="p">:</span>
            <span class="n">compute_novelty</span><span class="p">(</span><span class="n">np</span><span class="o">.</span><span class="n">array</span><span class="p">([</span><span class="mi">1</span><span class="p">,</span><span class="mi">0</span><span class="p">,</span><span class="mi">0</span><span class="p">]))</span>
        <span class="n">expected_error_msg</span> <span class="o">=</span> <span class="s2">&quot;Self similarity matrix is not 2-dimensional.&quot;</span>
        <span class="c1"># Check if the raised ValueError contains the correct message</span>
        <span class="k">assert</span> <span class="n">exc_info</span><span class="o">.</span><span class="n">match</span><span class="p">(</span><span class="n">expected_error_msg</span><span class="p">)</span>
        
        <span class="k">with</span> <span class="n">pytest</span><span class="o">.</span><span class="n">raises</span><span class="p">(</span><span class="ne">AssertionError</span><span class="p">)</span> <span class="k">as</span> <span class="n">exc_info</span><span class="p">:</span>
            <span class="n">compute_novelty</span><span class="p">(</span><span class="n">np</span><span class="o">.</span><span class="n">random</span><span class="o">.</span><span class="n">rand</span><span class="p">(</span><span class="mi">3</span><span class="p">,</span><span class="mi">2</span><span class="p">))</span>
        <span class="n">expected_error_msg</span> <span class="o">=</span> <span class="s2">&quot;Self similarity matrix is not square.&quot;</span>
        <span class="c1"># Check if the raised ValueError contains the correct message</span>
        <span class="k">assert</span> <span class="n">exc_info</span><span class="o">.</span><span class="n">match</span><span class="p">(</span><span class="n">expected_error_msg</span><span class="p">)</span>
        
        <span class="k">with</span> <span class="n">pytest</span><span class="o">.</span><span class="n">raises</span><span class="p">(</span><span class="ne">AssertionError</span><span class="p">)</span> <span class="k">as</span> <span class="n">exc_info</span><span class="p">:</span>
            <span class="n">compute_novelty</span><span class="p">(</span><span class="n">np</span><span class="o">.</span><span class="n">random</span><span class="o">.</span><span class="n">rand</span><span class="p">(</span><span class="mi">3</span><span class="p">,</span><span class="mi">3</span><span class="p">),</span><span class="n">edge</span><span class="o">=</span><span class="mi">10</span><span class="p">)</span>
        <span class="n">expected_error_msg</span> <span class="o">=</span> <span class="s2">&quot;Kernel size is larger than the self similarity matrix.&quot;</span>
        <span class="c1"># Check if the raised ValueError contains the correct message</span>
        <span class="k">assert</span> <span class="n">exc_info</span><span class="o">.</span><span class="n">match</span><span class="p">(</span><span class="n">expected_error_msg</span><span class="p">)</span></div>
      

<div class="viewcode-block" id="TestCalculateNovelty.test_create_kernel"><a class="viewcode-back" href="../../../Tests.Analysis.html#Tests.Analysis.test_calulate_novelty.TestCalculateNovelty.test_create_kernel">[docs]</a>    <span class="k">def</span> <span class="nf">test_create_kernel</span><span class="p">(</span><span class="bp">self</span><span class="p">):</span>
        <span class="sd">&quot;&quot;&quot;</span>
<span class="sd">        Test create kernel function:</span>
<span class="sd">            - Proper arguments yield an N x N numpy array</span>
<span class="sd">            - Edge given as float raises an error</span>
<span class="sd">            - Negative edge lenght raises an error</span>
<span class="sd">    </span>
<span class="sd">        Returns</span>
<span class="sd">        -------</span>
<span class="sd">        None.</span>
<span class="sd">    </span>
<span class="sd">        &quot;&quot;&quot;</span>
        <span class="n">res</span> <span class="o">=</span> <span class="n">_create_kernel</span><span class="p">(</span><span class="mi">7</span><span class="p">)</span>
        <span class="k">assert</span> <span class="nb">isinstance</span><span class="p">(</span><span class="n">res</span><span class="p">,</span><span class="n">np</span><span class="o">.</span><span class="n">ndarray</span><span class="p">),</span> <span class="s2">&quot;Kernel is not a numpy array.&quot;</span>
        <span class="k">assert</span> <span class="p">(</span><span class="n">np</span><span class="o">.</span><span class="n">ndim</span><span class="p">(</span><span class="n">res</span><span class="p">)</span> <span class="o">==</span> <span class="mi">2</span><span class="p">),</span> <span class="s2">&quot;Kernel is not a 2D array.&quot;</span>
        <span class="k">assert</span> <span class="n">res</span><span class="o">.</span><span class="n">shape</span><span class="p">[</span><span class="mi">0</span><span class="p">]</span>  <span class="o">==</span> <span class="n">res</span><span class="o">.</span><span class="n">shape</span><span class="p">[</span><span class="mi">1</span><span class="p">],</span> <span class="s2">&quot;Kernel is not a square matrix.&quot;</span> 
        
        <span class="c1"># Store information about raised ValueError in exc_info</span>
        <span class="k">with</span> <span class="n">pytest</span><span class="o">.</span><span class="n">raises</span><span class="p">(</span><span class="ne">AssertionError</span><span class="p">)</span> <span class="k">as</span> <span class="n">exc_info</span><span class="p">:</span>
            <span class="n">_create_kernel</span><span class="p">(</span><span class="nb">float</span><span class="p">(</span><span class="mi">1</span><span class="p">))</span>
        <span class="n">expected_error_msg</span> <span class="o">=</span> <span class="s2">&quot;Edge is not an integer.&quot;</span>
        <span class="c1"># Check if the raised ValueError contains the correct message</span>
        <span class="k">assert</span> <span class="n">exc_info</span><span class="o">.</span><span class="n">match</span><span class="p">(</span><span class="n">expected_error_msg</span><span class="p">)</span>
        
        <span class="k">with</span> <span class="n">pytest</span><span class="o">.</span><span class="n">raises</span><span class="p">(</span><span class="ne">AssertionError</span><span class="p">)</span> <span class="k">as</span> <span class="n">exc_info</span><span class="p">:</span>
            <span class="n">_create_kernel</span><span class="p">(</span><span class="o">-</span><span class="mi">1</span><span class="p">)</span>
        <span class="n">expected_error_msg</span> <span class="o">=</span> <span class="s2">&quot;Edge should be positive, non zero integer.&quot;</span>
        <span class="c1"># Check if the raised ValueError contains the correct message</span>
        <span class="k">assert</span> <span class="n">exc_info</span><span class="o">.</span><span class="n">match</span><span class="p">(</span><span class="n">expected_error_msg</span><span class="p">)</span></div></div>
</pre></div>

           </div>
           
          </div>
          <footer>
  

  <hr/>

  <div role="contentinfo">
    <p>
        &copy; Copyright 2021, Arsi Ik√§heimonen

    </p>
  </div>
  Built with <a href="http://sphinx-doc.org/">Sphinx</a> using a <a href="https://github.com/rtfd/sphinx_rtd_theme">theme</a> provided by <a href="https://readthedocs.org">Read the Docs</a>. 

</footer>

        </div>
      </div>

    </section>

  </div>
  


  <script type="text/javascript">
      jQuery(function () {
          SphinxRtdTheme.Navigation.enable(true);
      });
  </script>

  
  
    
   

</body>
</html>